spidoosho@MSI:/mnt/c/Users/Hoang/Desktop/mff/nswi154/06-tests$ mvn test
[INFO] Scanning for projects...
[WARNING] 
[WARNING] Some problems were encountered while building the effective model for mff.tuan:06-tests:jar:1.0
[WARNING] 'dependencies.dependency.version' for org.junit.jupiter:junit-jupiter:jar is either LATEST or RELEASE (both of them are being deprecated) @ line 31, column 16
[WARNING] 
[WARNING] It is highly recommended to fix these problems because they threaten the stability of your build.
[WARNING] 
[WARNING] For this reason, future Maven versions might no longer support building such malformed projects.
[WARNING] 
[INFO] 
[INFO] -------------------------< mff.tuan:06-tests >--------------------------
[INFO] Building 06-tests 1.0
[INFO] --------------------------------[ jar ]---------------------------------
[INFO] 
[INFO] --- maven-resources-plugin:3.0.2:resources (default-resources) @ 06-tests ---
[INFO] Using 'UTF-8' encoding to copy filtered resources.
[INFO] skip non existing resourceDirectory /mnt/c/Users/Hoang/Desktop/mff/nswi154/06-tests/src/main/resources
[INFO] 
[INFO] --- maven-compiler-plugin:3.8.0:compile (default-compile) @ 06-tests ---
[INFO] Changes detected - recompiling the module!
[INFO] Compiling 3 source files to /mnt/c/Users/Hoang/Desktop/mff/nswi154/06-tests/target/classes
[INFO] 
[INFO] --- maven-resources-plugin:3.0.2:testResources (default-testResources) @ 06-tests ---
[INFO] Using 'UTF-8' encoding to copy filtered resources.
[INFO] skip non existing resourceDirectory /mnt/c/Users/Hoang/Desktop/mff/nswi154/06-tests/src/test/resources
[INFO] 
[INFO] --- maven-compiler-plugin:3.8.0:testCompile (default-testCompile) @ 06-tests ---
[INFO] Changes detected - recompiling the module!
[INFO] Compiling 3 source files to /mnt/c/Users/Hoang/Desktop/mff/nswi154/06-tests/target/test-classes
[INFO] 
[INFO] --- maven-surefire-plugin:2.22.1:test (default-test) @ 06-tests ---
[INFO] 
[INFO] -------------------------------------------------------
[INFO]  T E S T S
[INFO] -------------------------------------------------------
[INFO] Running mff.tuan.SimpleDateFormatTest
[INFO] Tests run: 13, Failures: 0, Errors: 0, Skipped: 0, Time elapsed: 0.207 s - in mff.tuan.SimpleDateFormatTest
[INFO] Running mff.tuan.StatisticsTest
[INFO] Tests run: 4, Failures: 0, Errors: 0, Skipped: 0, Time elapsed: 0.016 s - in mff.tuan.StatisticsTest
[INFO] Running mff.tuan.TreeMapTest
[INFO] Tests run: 6, Failures: 0, Errors: 0, Skipped: 0, Time elapsed: 0.002 s - in mff.tuan.TreeMapTest
[INFO] 
[INFO] Results:
[INFO]
[INFO] Tests run: 23, Failures: 0, Errors: 0, Skipped: 0
[INFO]
[INFO] ------------------------------------------------------------------------
[INFO] BUILD SUCCESS
[INFO] ------------------------------------------------------------------------
[INFO] Total time:  3.005 s
[INFO] Finished at: 2024-03-26T20:05:16+01:00
[INFO] ------------------------------------------------------------------------